[0m17:28:20.789297 [debug] [MainThread]: Sending event: {'category': 'dbt', 'action': 'invocation', 'label': 'start', 'context': [<snowplow_tracker.self_describing_json.SelfDescribingJson object at 0x76187b4bf220>, <snowplow_tracker.self_describing_json.SelfDescribingJson object at 0x76187a235090>, <snowplow_tracker.self_describing_json.SelfDescribingJson object at 0x76187a235030>]}


============================== 17:28:20.791949 | 27a5873d-fc2f-4ae3-be72-cdd0e6e0d4c8 ==============================
[0m17:28:20.791949 [info ] [MainThread]: Running with dbt=1.10.3
[0m17:28:20.792503 [debug] [MainThread]: running dbt with arguments {'printer_width': '80', 'indirect_selection': 'eager', 'write_json': 'True', 'log_cache_events': 'False', 'partial_parse': 'True', 'cache_selected_only': 'False', 'warn_error': 'None', 'debug': 'False', 'profiles_dir': '/root/.dbt', 'log_path': 'logs', 'version_check': 'True', 'fail_fast': 'False', 'use_colors': 'True', 'use_experimental_parser': 'False', 'no_print': 'None', 'quiet': 'False', 'empty': 'None', 'log_format': 'default', 'invocation_command': 'dbt init ecommerce_dbt', 'warn_error_options': 'WarnErrorOptionsV2(error=[], warn=[], silence=[])', 'introspect': 'True', 'target_path': 'None', 'static_parser': 'True', 'send_anonymous_usage_stats': 'True'}
[0m17:28:20.799996 [info ] [MainThread]: Creating dbt configuration folder at /root/.dbt
[0m17:28:20.804989 [debug] [MainThread]: Starter project path: /root/.local/pipx/venvs/dbt-postgres/lib/python3.10/site-packages/dbt/include/starter_project
[0m17:28:20.809515 [info ] [MainThread]: 
Your new dbt project "ecommerce_dbt" was created!

For more information on how to configure the profiles.yml file,
please consult the dbt documentation here:

  https://docs.getdbt.com/docs/configure-your-profile

One more thing:

Need help? Don't hesitate to reach out to us via GitHub issues or on Slack:

  https://community.getdbt.com/

Happy modeling!

[0m17:28:20.810931 [info ] [MainThread]: Setting up your profile.
[0m17:32:53.929256 [error] [MainThread]: Encountered an error:

[0m17:32:53.930663 [error] [MainThread]: Traceback (most recent call last):
  File "/root/.local/pipx/venvs/dbt-postgres/lib/python3.10/site-packages/dbt/cli/requires.py", line 161, in wrapper
    result, success = func(*args, **kwargs)
  File "/root/.local/pipx/venvs/dbt-postgres/lib/python3.10/site-packages/dbt/cli/requires.py", line 111, in wrapper
    return func(*args, **kwargs)
  File "/root/.local/pipx/venvs/dbt-postgres/lib/python3.10/site-packages/dbt/cli/main.py", line 483, in init
    results = task.run()
  File "/root/.local/pipx/venvs/dbt-postgres/lib/python3.10/site-packages/dbt/task/init.py", line 346, in run
    self.setup_profile(profile_name)
  File "/root/.local/pipx/venvs/dbt-postgres/lib/python3.10/site-packages/dbt/task/init.py", line 262, in setup_profile
    self.create_profile_from_target(adapter, profile_name=profile_name)
  File "/root/.local/pipx/venvs/dbt-postgres/lib/python3.10/site-packages/dbt/task/init.py", line 179, in create_profile_from_target
    self.create_profile_from_profile_template(profile_template, profile_name)
  File "/root/.local/pipx/venvs/dbt-postgres/lib/python3.10/site-packages/dbt/task/init.py", line 163, in create_profile_from_profile_template
    target = self.generate_target_from_input(prompts, initial_target)
  File "/root/.local/pipx/venvs/dbt-postgres/lib/python3.10/site-packages/dbt/task/init.py", line 129, in generate_target_from_input
    target[key] = click.prompt(
  File "/root/.local/pipx/venvs/dbt-postgres/lib/python3.10/site-packages/click/termui.py", line 168, in prompt
    value = prompt_func(prompt)
  File "/root/.local/pipx/venvs/dbt-postgres/lib/python3.10/site-packages/click/termui.py", line 151, in prompt_func
    raise Abort() from None
click.exceptions.Abort

[0m17:32:53.932186 [debug] [MainThread]: Resource report: {"command_name": "init", "command_success": false, "command_wall_clock_time": 273.04675, "process_in_blocks": "280", "process_kernel_time": 0.104354, "process_mem_max_rss": "99684", "process_out_blocks": "72", "process_user_time": 1.407675}
[0m17:32:53.932955 [debug] [MainThread]: Command `dbt init` failed at 17:32:53.932822 after 273.05 seconds
[0m17:32:53.933363 [debug] [MainThread]: Sending event: {'category': 'dbt', 'action': 'invocation', 'label': 'end', 'context': [<snowplow_tracker.self_describing_json.SelfDescribingJson object at 0x76187b4bf220>, <snowplow_tracker.self_describing_json.SelfDescribingJson object at 0x76187a182c50>, <snowplow_tracker.self_describing_json.SelfDescribingJson object at 0x76187a183490>]}
[0m17:32:53.933834 [debug] [MainThread]: Flushing usage events
[0m17:32:54.610340 [debug] [MainThread]: An error was encountered while trying to flush usage events
[0m17:32:57.961776 [debug] [MainThread]: Sending event: {'category': 'dbt', 'action': 'invocation', 'label': 'start', 'context': [<snowplow_tracker.self_describing_json.SelfDescribingJson object at 0x7573909b7190>, <snowplow_tracker.self_describing_json.SelfDescribingJson object at 0x75738f725030>, <snowplow_tracker.self_describing_json.SelfDescribingJson object at 0x75738f724f70>]}


============================== 17:32:57.965295 | 37068db5-9f3c-4c37-b572-0518f1079710 ==============================
[0m17:32:57.965295 [info ] [MainThread]: Running with dbt=1.10.3
[0m17:32:57.966258 [debug] [MainThread]: running dbt with arguments {'printer_width': '80', 'indirect_selection': 'eager', 'write_json': 'True', 'log_cache_events': 'False', 'partial_parse': 'True', 'cache_selected_only': 'False', 'warn_error': 'None', 'debug': 'False', 'version_check': 'True', 'log_path': 'logs', 'profiles_dir': '/root/.dbt', 'fail_fast': 'False', 'use_colors': 'True', 'use_experimental_parser': 'False', 'no_print': 'None', 'quiet': 'False', 'empty': 'None', 'log_format': 'default', 'static_parser': 'True', 'invocation_command': 'dbt init ecommerce_dbt', 'introspect': 'True', 'target_path': 'None', 'warn_error_options': 'WarnErrorOptionsV2(error=[], warn=[], silence=[])', 'send_anonymous_usage_stats': 'True'}
[0m17:32:57.974456 [info ] [MainThread]: A project called ecommerce_dbt already exists here.
[0m17:32:57.976298 [debug] [MainThread]: Resource report: {"command_name": "init", "command_success": true, "command_wall_clock_time": 0.076837145, "process_in_blocks": "0", "process_kernel_time": 0.080234, "process_mem_max_rss": "95316", "process_out_blocks": "0", "process_user_time": 1.335902}
[0m17:32:57.976977 [debug] [MainThread]: Command `dbt init` succeeded at 17:32:57.976851 after 0.08 seconds
[0m17:32:57.977390 [debug] [MainThread]: Sending event: {'category': 'dbt', 'action': 'invocation', 'label': 'end', 'context': [<snowplow_tracker.self_describing_json.SelfDescribingJson object at 0x7573909b7190>, <snowplow_tracker.self_describing_json.SelfDescribingJson object at 0x75738f725720>, <snowplow_tracker.self_describing_json.SelfDescribingJson object at 0x75738f724f10>]}
[0m17:32:57.977897 [debug] [MainThread]: Flushing usage events
[0m17:32:58.431639 [debug] [MainThread]: An error was encountered while trying to flush usage events
[0m17:34:05.034938 [debug] [MainThread]: Sending event: {'category': 'dbt', 'action': 'invocation', 'label': 'start', 'context': [<snowplow_tracker.self_describing_json.SelfDescribingJson object at 0x70eb901bf1f0>, <snowplow_tracker.self_describing_json.SelfDescribingJson object at 0x70eb8ef35090>, <snowplow_tracker.self_describing_json.SelfDescribingJson object at 0x70eb8ef34fd0>]}


============================== 17:34:05.037669 | ba7e2fcf-0a3f-42fa-8954-1e3eaaf3c70f ==============================
[0m17:34:05.037669 [info ] [MainThread]: Running with dbt=1.10.3
[0m17:34:05.038317 [debug] [MainThread]: running dbt with arguments {'printer_width': '80', 'indirect_selection': 'eager', 'log_cache_events': 'False', 'write_json': 'True', 'partial_parse': 'True', 'cache_selected_only': 'False', 'profiles_dir': '/root/.dbt', 'debug': 'False', 'warn_error': 'None', 'log_path': 'logs', 'fail_fast': 'False', 'version_check': 'True', 'use_colors': 'True', 'use_experimental_parser': 'False', 'empty': 'None', 'quiet': 'False', 'no_print': 'None', 'warn_error_options': 'WarnErrorOptionsV2(error=[], warn=[], silence=[])', 'static_parser': 'True', 'introspect': 'True', 'invocation_command': 'dbt init ecommerce_dbt', 'target_path': 'None', 'log_format': 'default', 'send_anonymous_usage_stats': 'True'}
[0m17:34:05.048181 [debug] [MainThread]: Starter project path: /root/.local/pipx/venvs/dbt-postgres/lib/python3.10/site-packages/dbt/include/starter_project
[0m17:34:05.051811 [info ] [MainThread]: 
Your new dbt project "ecommerce_dbt" was created!

For more information on how to configure the profiles.yml file,
please consult the dbt documentation here:

  https://docs.getdbt.com/docs/configure-your-profile

One more thing:

Need help? Don't hesitate to reach out to us via GitHub issues or on Slack:

  https://community.getdbt.com/

Happy modeling!

[0m17:34:05.052573 [info ] [MainThread]: Setting up your profile.
[0m17:34:51.338017 [info ] [MainThread]: Profile ecommerce_dbt written to /root/.dbt/profiles.yml using target's profile_template.yml and your supplied values. Run 'dbt debug' to validate the connection.
[0m17:34:51.339452 [debug] [MainThread]: Resource report: {"command_name": "init", "command_success": true, "command_wall_clock_time": 46.353565, "process_in_blocks": "0", "process_kernel_time": 0.104243, "process_mem_max_rss": "99660", "process_out_blocks": "88", "process_user_time": 1.319083}
[0m17:34:51.340643 [debug] [MainThread]: Command `dbt init` succeeded at 17:34:51.340485 after 46.35 seconds
[0m17:34:51.341055 [debug] [MainThread]: Sending event: {'category': 'dbt', 'action': 'invocation', 'label': 'end', 'context': [<snowplow_tracker.self_describing_json.SelfDescribingJson object at 0x70eb901bf1f0>, <snowplow_tracker.self_describing_json.SelfDescribingJson object at 0x70eb8ee3d4b0>, <snowplow_tracker.self_describing_json.SelfDescribingJson object at 0x70eb8ef34f70>]}
[0m17:34:51.341510 [debug] [MainThread]: Flushing usage events
[0m17:34:51.906337 [debug] [MainThread]: An error was encountered while trying to flush usage events
[0m17:36:18.765917 [debug] [MainThread]: Sending event: {'category': 'dbt', 'action': 'invocation', 'label': 'start', 'context': [<snowplow_tracker.self_describing_json.SelfDescribingJson object at 0x7e78692bf1c0>, <snowplow_tracker.self_describing_json.SelfDescribingJson object at 0x7e786802d0c0>, <snowplow_tracker.self_describing_json.SelfDescribingJson object at 0x7e786802cfd0>]}


============================== 17:36:18.770651 | b848277a-9489-45ff-8292-ab793a605664 ==============================
[0m17:36:18.770651 [info ] [MainThread]: Running with dbt=1.10.3
[0m17:36:18.771303 [debug] [MainThread]: running dbt with arguments {'printer_width': '80', 'indirect_selection': 'eager', 'write_json': 'True', 'log_cache_events': 'False', 'partial_parse': 'True', 'cache_selected_only': 'False', 'profiles_dir': '/root/.dbt', 'version_check': 'True', 'warn_error': 'None', 'log_path': 'logs', 'fail_fast': 'False', 'debug': 'False', 'use_colors': 'True', 'use_experimental_parser': 'False', 'no_print': 'None', 'quiet': 'False', 'empty': 'None', 'log_format': 'default', 'introspect': 'True', 'invocation_command': 'dbt debug', 'static_parser': 'True', 'target_path': 'None', 'warn_error_options': 'WarnErrorOptionsV2(error=[], warn=[], silence=[])', 'send_anonymous_usage_stats': 'True'}
[0m17:36:18.788943 [info ] [MainThread]: dbt version: 1.10.3
[0m17:36:18.789438 [info ] [MainThread]: python version: 3.10.12
[0m17:36:18.789745 [info ] [MainThread]: python path: /root/.local/pipx/venvs/dbt-postgres/bin/python
[0m17:36:18.790142 [info ] [MainThread]: os info: Linux-6.6.87.2-microsoft-standard-WSL2-x86_64-with-glibc2.35
[0m17:36:18.869996 [info ] [MainThread]: Using profiles dir at /root/.dbt
[0m17:36:18.870698 [info ] [MainThread]: Using profiles.yml file at /root/.dbt/profiles.yml
[0m17:36:18.871228 [info ] [MainThread]: Using dbt_project.yml file at /root/projets/ecommerce_pipeline/-Mini-projet-Pipeline-batch-BI/dbt_project.yml
[0m17:36:18.872761 [info ] [MainThread]: adapter type: postgres
[0m17:36:18.873573 [info ] [MainThread]: adapter version: 1.9.0
[0m17:36:18.874213 [info ] [MainThread]: Configuration:
[0m17:36:18.874597 [info ] [MainThread]:   profiles.yml file [[32mOK found and valid[0m]
[0m17:36:18.875187 [info ] [MainThread]:   dbt_project.yml file [[31mERROR not found[0m]
[0m17:36:18.875536 [info ] [MainThread]: Required dependencies:
[0m17:36:18.875914 [debug] [MainThread]: Executing "git --help"
[0m17:36:18.890326 [debug] [MainThread]: STDOUT: "b"usage: git [--version] [--help] [-C <path>] [-c <name>=<value>]\n           [--exec-path[=<path>]] [--html-path] [--man-path] [--info-path]\n           [-p | --paginate | -P | --no-pager] [--no-replace-objects] [--bare]\n           [--git-dir=<path>] [--work-tree=<path>] [--namespace=<name>]\n           [--super-prefix=<path>] [--config-env=<name>=<envvar>]\n           <command> [<args>]\n\nThese are common Git commands used in various situations:\n\nstart a working area (see also: git help tutorial)\n   clone     Clone a repository into a new directory\n   init      Create an empty Git repository or reinitialize an existing one\n\nwork on the current change (see also: git help everyday)\n   add       Add file contents to the index\n   mv        Move or rename a file, a directory, or a symlink\n   restore   Restore working tree files\n   rm        Remove files from the working tree and from the index\n\nexamine the history and state (see also: git help revisions)\n   bisect    Use binary search to find the commit that introduced a bug\n   diff      Show changes between commits, commit and working tree, etc\n   grep      Print lines matching a pattern\n   log       Show commit logs\n   show      Show various types of objects\n   status    Show the working tree status\n\ngrow, mark and tweak your common history\n   branch    List, create, or delete branches\n   commit    Record changes to the repository\n   merge     Join two or more development histories together\n   rebase    Reapply commits on top of another base tip\n   reset     Reset current HEAD to the specified state\n   switch    Switch branches\n   tag       Create, list, delete or verify a tag object signed with GPG\n\ncollaborate (see also: git help workflows)\n   fetch     Download objects and refs from another repository\n   pull      Fetch from and integrate with another repository or a local branch\n   push      Update remote refs along with associated objects\n\n'git help -a' and 'git help -g' list available subcommands and some\nconcept guides. See 'git help <command>' or 'git help <concept>'\nto read about a specific subcommand or concept.\nSee 'git help git' for an overview of the system.\n""
[0m17:36:18.890826 [debug] [MainThread]: STDERR: "b''"
[0m17:36:18.891141 [info ] [MainThread]:  - git [[32mOK found[0m]

[0m17:36:18.891429 [info ] [MainThread]: Connection:
[0m17:36:18.891741 [info ] [MainThread]:   host: 127.0.0.1
[0m17:36:18.892113 [info ] [MainThread]:   port: 5432
[0m17:36:18.892439 [info ] [MainThread]:   user: postgres
[0m17:36:18.892702 [info ] [MainThread]:   database: pipeline_project
[0m17:36:18.893014 [info ] [MainThread]:   schema: public
[0m17:36:18.893377 [info ] [MainThread]:   connect_timeout: 10
[0m17:36:18.893641 [info ] [MainThread]:   role: None
[0m17:36:18.893916 [info ] [MainThread]:   search_path: None
[0m17:36:18.894222 [info ] [MainThread]:   keepalives_idle: 0
[0m17:36:18.894493 [info ] [MainThread]:   sslmode: None
[0m17:36:18.894736 [info ] [MainThread]:   sslcert: None
[0m17:36:18.895016 [info ] [MainThread]:   sslkey: None
[0m17:36:18.895307 [info ] [MainThread]:   sslrootcert: None
[0m17:36:18.895562 [info ] [MainThread]:   application_name: dbt
[0m17:36:18.895797 [info ] [MainThread]:   retries: 1
[0m17:36:18.896258 [info ] [MainThread]: Registered adapter: postgres=1.9.0
[0m17:36:18.967098 [debug] [MainThread]: Acquiring new postgres connection 'debug'
[0m17:36:18.994274 [debug] [MainThread]: Using postgres connection "debug"
[0m17:36:18.994740 [debug] [MainThread]: On debug: select 1 as id
[0m17:36:18.995085 [debug] [MainThread]: Opening a new connection, currently in state init
[0m17:36:19.020553 [debug] [MainThread]: SQL status: SELECT 1 in 0.025 seconds
[0m17:36:19.021641 [debug] [MainThread]: On debug: Close
[0m17:36:19.022110 [info ] [MainThread]:   Connection test: [[32mOK connection ok[0m]

[0m17:36:19.022567 [info ] [MainThread]: [31m1 check failed:[0m
[0m17:36:19.022910 [info ] [MainThread]: Project loading failed for the following reason:
 project path </root/projets/ecommerce_pipeline/-Mini-projet-Pipeline-batch-BI/dbt_project.yml> not found

[0m17:36:19.025649 [debug] [MainThread]: Resource report: {"command_name": "debug", "command_success": false, "command_wall_clock_time": 0.32084727, "process_in_blocks": "71512", "process_kernel_time": 0.179589, "process_mem_max_rss": "107996", "process_out_blocks": "32", "process_user_time": 1.518274}
[0m17:36:19.026790 [debug] [MainThread]: Command `dbt debug` failed at 17:36:19.026587 after 0.32 seconds
[0m17:36:19.027361 [debug] [MainThread]: Connection 'debug' was properly closed.
[0m17:36:19.027819 [debug] [MainThread]: Sending event: {'category': 'dbt', 'action': 'invocation', 'label': 'end', 'context': [<snowplow_tracker.self_describing_json.SelfDescribingJson object at 0x7e78692bf1c0>, <snowplow_tracker.self_describing_json.SelfDescribingJson object at 0x7e7867f6f310>, <snowplow_tracker.self_describing_json.SelfDescribingJson object at 0x7e7867f84ac0>]}
[0m17:36:19.028242 [debug] [MainThread]: Flushing usage events
[0m17:36:19.574345 [debug] [MainThread]: An error was encountered while trying to flush usage events
